[00:20:36] [ServerMain/INFO]: Environment: Environment[sessionHost=https://sessionserver.mojang.com, servicesHost=https://api.minecraftservices.com, name=PROD]
[00:20:37] [ServerMain/INFO]: Loaded 1337 recipes
[00:20:37] [ServerMain/INFO]: Loaded 1448 advancements
[00:20:37] [Server thread/INFO]: Starting minecraft server version 1.21.3
[00:20:37] [Server thread/INFO]: Loading properties
[00:20:37] [Server thread/INFO]: Default game type: SURVIVAL
[00:20:37] [Server thread/INFO]: Generating keypair
[00:20:37] [Server thread/INFO]: Starting Minecraft server on *:25565
[00:20:37] [Server thread/INFO]: Using default channel type
[00:20:37] [Server thread/WARN]: **** SERVER IS RUNNING IN OFFLINE/INSECURE MODE!
[00:20:37] [Server thread/WARN]: The server will make no attempt to authenticate usernames. Beware.
[00:20:37] [Server thread/WARN]: While this makes the game possible to play without internet access, it also opens up the ability for hackers to connect with any username they choose.
[00:20:37] [Server thread/WARN]: To change this, set "online-mode" to "true" in the server.properties file.
[00:20:37] [Server thread/INFO]: Preparing level "world"
[00:20:37] [Server thread/INFO]: Preparing start region for dimension minecraft:overworld
[00:20:38] [Worker-Main-10/INFO]: Preparing spawn area: 0%
[00:20:38] [Worker-Main-10/INFO]: Preparing spawn area: 0%
[00:20:38] [Server thread/INFO]: Time elapsed: 718 ms
[00:20:38] [Server thread/INFO]: Done (0.868s)! For help, type "help"
[00:20:39] [Server thread/INFO]: Unknown or incomplete command, see below for error
[00:20:40] [Server thread/INFO]: <--[HERE]
